2026-03-02 11:18:26,372 [DEBUG] asyncio - Using selector: KqueueSelector
2026-03-02 11:18:26,433 [INFO] WebScraper - Fetching https://hacker-news.firebaseio.com/v0/topstories.json
2026-03-02 11:18:26,436 [DEBUG] httpcore.connection - connect_tcp.started host='hacker-news.firebaseio.com' port=443 local_address=None timeout=10 socket_options=None
2026-03-02 11:18:26,437 [DEBUG] httpcore.connection - connect_tcp.started host='www.reddit.com' port=443 local_address=None timeout=10 socket_options=None
2026-03-02 11:18:26,486 [DEBUG] httpcore.connection - connect_tcp.complete return_value=<httpcore._backends.anyio.AnyIOStream object at 0x10da77e00>
2026-03-02 11:18:26,486 [DEBUG] httpcore.connection - start_tls.started ssl_context=<ssl.SSLContext object at 0x10d847650> server_hostname='www.reddit.com' timeout=10
2026-03-02 11:18:26,502 [DEBUG] httpcore.connection - connect_tcp.complete return_value=<httpcore._backends.anyio.AnyIOStream object at 0x10de41090>
2026-03-02 11:18:26,502 [DEBUG] httpcore.connection - start_tls.started ssl_context=<ssl.SSLContext object at 0x10d8474a0> server_hostname='hacker-news.firebaseio.com' timeout=10
2026-03-02 11:18:26,514 [DEBUG] httpcore.connection - start_tls.complete return_value=<httpcore._backends.anyio.AnyIOStream object at 0x10de40690>
2026-03-02 11:18:26,515 [DEBUG] httpcore.http11 - send_request_headers.started request=<Request [b'GET']>
2026-03-02 11:18:26,515 [DEBUG] httpcore.http11 - send_request_headers.complete
2026-03-02 11:18:26,515 [DEBUG] httpcore.http11 - send_request_body.started request=<Request [b'GET']>
2026-03-02 11:18:26,515 [DEBUG] httpcore.http11 - send_request_body.complete
2026-03-02 11:18:26,515 [DEBUG] httpcore.http11 - receive_response_headers.started request=<Request [b'GET']>
2026-03-02 11:18:26,542 [DEBUG] httpcore.http11 - receive_response_headers.complete return_value=(b'HTTP/1.1', 403, b'Blocked', [(b'Connection', b'close'), (b'Content-Length', b'1522'), (b'Retry-After', b'0'), (b'Content-Type', b'text/html'), (b'Cache-Control', b'private, no-store'), (b'Accept-Ranges', b'bytes'), (b'Date', b'Mon, 02 Mar 2026 05:48:26 GMT'), (b'Via', b'1.1 varnish'), (b'Strict-Transport-Security', b'max-age=31536000; includeSubdomains'), (b'X-Content-Type-Options', b'nosniff'), (b'X-Frame-Options', b'SAMEORIGIN'), (b'X-XSS-Protection', b'1; mode=block'), (b'Server', b'snooserv'), (b'Report-To', b'{"group": "w3-reporting-nel", "max_age": 14400, "include_subdomains": true,  "endpoints": [{ "url": "https://w3-reporting-nel.reddit.com/reports" }]}, {"group": "w3-reporting", "max_age": 14400, "include_subdomains": true, "endpoints": [{ "url": "https://w3-reporting.reddit.com/reports" }]}, {"group": "w3-reporting-csp", "max_age": 14400, "include_subdomains": true, "endpoints": [{ "url": "https://w3-reporting-csp.reddit.com/reports" }]}'), (b'NEL', b'{"report_to": "w3-reporting-nel", "max_age": 14400, "include_subdomains": false, "success_fraction": 1.0, "failure_fraction": 1.0}')])
2026-03-02 11:18:26,543 [INFO] httpx - HTTP Request: GET https://www.reddit.com/r/python/top.json?limit=10 "HTTP/1.1 403 Blocked"
2026-03-02 11:18:26,543 [DEBUG] httpcore.http11 - receive_response_body.started request=<Request [b'GET']>
2026-03-02 11:18:26,543 [DEBUG] httpcore.http11 - receive_response_body.complete
2026-03-02 11:18:26,543 [DEBUG] httpcore.http11 - response_closed.started
2026-03-02 11:18:26,544 [DEBUG] httpcore.http11 - response_closed.complete
2026-03-02 11:18:26,544 [DEBUG] httpcore.connection - start_tls.failed exception=CancelledError()
2026-03-02 11:19:16,959 [DEBUG] asyncio - Using selector: KqueueSelector
2026-03-02 11:19:17,007 [INFO] WebScraper - Fetching https://hacker-news.firebaseio.com/v0/topstories.json
2026-03-02 11:19:17,010 [DEBUG] httpcore.connection - connect_tcp.started host='hacker-news.firebaseio.com' port=443 local_address=None timeout=10 socket_options=None
2026-03-02 11:19:17,010 [DEBUG] httpcore.connection - connect_tcp.started host='www.reddit.com' port=443 local_address=None timeout=10 socket_options=None
2026-03-02 11:19:17,027 [DEBUG] httpcore.connection - connect_tcp.complete return_value=<httpcore._backends.anyio.AnyIOStream object at 0x1086afb60>
2026-03-02 11:19:17,029 [DEBUG] httpcore.connection - start_tls.started ssl_context=<ssl.SSLContext object at 0x10847b4a0> server_hostname='hacker-news.firebaseio.com' timeout=10
2026-03-02 11:19:17,059 [DEBUG] httpcore.connection - connect_tcp.complete return_value=<httpcore._backends.anyio.AnyIOStream object at 0x10e840690>
2026-03-02 11:19:17,059 [DEBUG] httpcore.connection - start_tls.started ssl_context=<ssl.SSLContext object at 0x10847b650> server_hostname='www.reddit.com' timeout=10
2026-03-02 11:19:17,087 [DEBUG] httpcore.connection - start_tls.complete return_value=<httpcore._backends.anyio.AnyIOStream object at 0x1086fbd90>
2026-03-02 11:19:17,087 [DEBUG] httpcore.http11 - send_request_headers.started request=<Request [b'GET']>
2026-03-02 11:19:17,087 [DEBUG] httpcore.http11 - send_request_headers.complete
2026-03-02 11:19:17,087 [DEBUG] httpcore.http11 - send_request_body.started request=<Request [b'GET']>
2026-03-02 11:19:17,087 [DEBUG] httpcore.http11 - send_request_body.complete
2026-03-02 11:19:17,088 [DEBUG] httpcore.http11 - receive_response_headers.started request=<Request [b'GET']>
2026-03-02 11:19:17,112 [DEBUG] httpcore.http11 - receive_response_headers.complete return_value=(b'HTTP/1.1', 403, b'Blocked', [(b'Connection', b'close'), (b'Content-Length', b'1522'), (b'Retry-After', b'0'), (b'Content-Type', b'text/html'), (b'Cache-Control', b'private, no-store'), (b'Accept-Ranges', b'bytes'), (b'Date', b'Mon, 02 Mar 2026 05:49:17 GMT'), (b'Via', b'1.1 varnish'), (b'Strict-Transport-Security', b'max-age=31536000; includeSubdomains'), (b'X-Content-Type-Options', b'nosniff'), (b'X-Frame-Options', b'SAMEORIGIN'), (b'X-XSS-Protection', b'1; mode=block'), (b'Server', b'snooserv'), (b'Report-To', b'{"group": "w3-reporting-nel", "max_age": 14400, "include_subdomains": true,  "endpoints": [{ "url": "https://w3-reporting-nel.reddit.com/reports" }]}, {"group": "w3-reporting", "max_age": 14400, "include_subdomains": true, "endpoints": [{ "url": "https://w3-reporting.reddit.com/reports" }]}, {"group": "w3-reporting-csp", "max_age": 14400, "include_subdomains": true, "endpoints": [{ "url": "https://w3-reporting-csp.reddit.com/reports" }]}'), (b'NEL', b'{"report_to": "w3-reporting-nel", "max_age": 14400, "include_subdomains": false, "success_fraction": 1.0, "failure_fraction": 1.0}')])
2026-03-02 11:19:17,113 [INFO] httpx - HTTP Request: GET https://www.reddit.com/r/python/top.json?limit=10 "HTTP/1.1 403 Blocked"
2026-03-02 11:19:17,113 [DEBUG] httpcore.http11 - receive_response_body.started request=<Request [b'GET']>
2026-03-02 11:19:17,113 [DEBUG] httpcore.http11 - receive_response_body.complete
2026-03-02 11:19:17,113 [DEBUG] httpcore.http11 - response_closed.started
2026-03-02 11:19:17,113 [DEBUG] httpcore.http11 - response_closed.complete
2026-03-02 11:19:17,114 [DEBUG] httpcore.connection - start_tls.failed exception=CancelledError()
2026-03-02 11:26:41,399 [DEBUG] asyncio - Using selector: KqueueSelector
2026-03-02 11:26:41,446 [INFO] WebScraper - Fetching https://hacker-news.firebaseio.com/v0/topstories.json
2026-03-02 11:26:41,449 [DEBUG] httpcore.connection - connect_tcp.started host='hacker-news.firebaseio.com' port=443 local_address=None timeout=10 socket_options=None
2026-03-02 11:26:41,449 [DEBUG] httpcore.connection - connect_tcp.started host='www.reddit.com' port=443 local_address=None timeout=10 socket_options=None
2026-03-02 11:26:41,545 [DEBUG] httpcore.connection - connect_tcp.complete return_value=<httpcore._backends.anyio.AnyIOStream object at 0x109d13cb0>
2026-03-02 11:26:41,545 [DEBUG] httpcore.connection - start_tls.started ssl_context=<ssl.SSLContext object at 0x109ae3650> server_hostname='www.reddit.com' timeout=10
2026-03-02 11:26:41,555 [DEBUG] httpcore.connection - start_tls.complete return_value=<httpcore._backends.anyio.AnyIOStream object at 0x109d5fed0>
2026-03-02 11:26:41,556 [DEBUG] httpcore.http11 - send_request_headers.started request=<Request [b'GET']>
2026-03-02 11:26:41,556 [DEBUG] httpcore.http11 - send_request_headers.complete
2026-03-02 11:26:41,556 [DEBUG] httpcore.http11 - send_request_body.started request=<Request [b'GET']>
2026-03-02 11:26:41,556 [DEBUG] httpcore.http11 - send_request_body.complete
2026-03-02 11:26:41,556 [DEBUG] httpcore.http11 - receive_response_headers.started request=<Request [b'GET']>
2026-03-02 11:26:41,592 [DEBUG] httpcore.connection - connect_tcp.complete return_value=<httpcore._backends.anyio.AnyIOStream object at 0x109ddcb90>
2026-03-02 11:26:41,592 [DEBUG] httpcore.connection - start_tls.started ssl_context=<ssl.SSLContext object at 0x109ae34a0> server_hostname='hacker-news.firebaseio.com' timeout=10
2026-03-02 11:26:41,647 [INFO] WebScraper - Fetching https://fakestoreapi.com/products
2026-03-02 11:26:41,648 [DEBUG] httpcore.connection - connect_tcp.started host='fakestoreapi.com' port=443 local_address=None timeout=10 socket_options=None
2026-03-02 11:26:41,724 [DEBUG] httpcore.connection - connect_tcp.complete return_value=<httpcore._backends.anyio.AnyIOStream object at 0x109d49810>
2026-03-02 11:26:41,724 [DEBUG] httpcore.connection - start_tls.started ssl_context=<ssl.SSLContext object at 0x109ce06d0> server_hostname='fakestoreapi.com' timeout=10
2026-03-02 11:26:41,784 [DEBUG] httpcore.connection - start_tls.complete return_value=<httpcore._backends.anyio.AnyIOStream object at 0x109d495b0>
2026-03-02 11:26:41,785 [DEBUG] httpcore.http11 - send_request_headers.started request=<Request [b'GET']>
2026-03-02 11:26:41,785 [DEBUG] httpcore.http11 - send_request_headers.complete
2026-03-02 11:26:41,785 [DEBUG] httpcore.http11 - send_request_body.started request=<Request [b'GET']>
2026-03-02 11:26:41,785 [DEBUG] httpcore.http11 - send_request_body.complete
2026-03-02 11:26:41,785 [DEBUG] httpcore.http11 - receive_response_headers.started request=<Request [b'GET']>
2026-03-02 11:26:41,867 [DEBUG] httpcore.connection - start_tls.complete return_value=<httpcore._backends.anyio.AnyIOStream object at 0x109d7a690>
2026-03-02 11:26:41,868 [DEBUG] httpcore.http11 - send_request_headers.started request=<Request [b'GET']>
2026-03-02 11:26:41,869 [DEBUG] httpcore.http11 - send_request_headers.complete
2026-03-02 11:26:41,869 [DEBUG] httpcore.http11 - send_request_body.started request=<Request [b'GET']>
2026-03-02 11:26:41,869 [DEBUG] httpcore.http11 - send_request_body.complete
2026-03-02 11:26:41,870 [DEBUG] httpcore.http11 - receive_response_headers.started request=<Request [b'GET']>
2026-03-02 11:26:42,017 [DEBUG] httpcore.http11 - receive_response_headers.complete return_value=(b'HTTP/1.1', 200, b'OK', [(b'Date', b'Mon, 02 Mar 2026 05:56:42 GMT'), (b'Content-Type', b'application/json; charset=utf-8'), (b'Transfer-Encoding', b'chunked'), (b'Connection', b'keep-alive'), (b'access-control-allow-origin', b'*'), (b'etag', b'W/"2990-lZ2o94A2EDKiYW3/6/3oI74HHkw"'), (b'x-powered-by', b'Express'), (b'cf-cache-status', b'DYNAMIC'), (b'Nel', b'{"report_to":"cf-nel","success_fraction":0.0,"max_age":604800}'), (b'Report-To', b'{"group":"cf-nel","max_age":604800,"endpoints":[{"url":"https://a.nel.cloudflare.com/report/v4?s=PzwIVntW0hsYkHwxKMVW86mrFKeZWvHMjI%2F1szBBoxlWBPorwNeNg%2FKQU95F81w9oIO8KxDXQ%2Fax7jb9AX%2BcznAb6h5FmEWBKxnf%2F1shjBI%3D"}]}'), (b'Content-Encoding', b'gzip'), (b'Server', b'cloudflare'), (b'CF-RAY', b'9d5e28e16ec44074-SIN'), (b'alt-svc', b'h3=":443"; ma=86400')])
2026-03-02 11:26:42,019 [INFO] httpx - HTTP Request: GET https://fakestoreapi.com/products "HTTP/1.1 200 OK"
2026-03-02 11:26:42,019 [DEBUG] httpcore.http11 - receive_response_body.started request=<Request [b'GET']>
2026-03-02 11:26:42,020 [DEBUG] httpcore.http11 - receive_response_body.complete
2026-03-02 11:26:42,020 [DEBUG] httpcore.http11 - response_closed.started
2026-03-02 11:26:42,021 [DEBUG] httpcore.http11 - response_closed.complete
2026-03-02 11:26:42,147 [DEBUG] httpcore.http11 - receive_response_headers.complete return_value=(b'HTTP/1.1', 200, b'OK', [(b'Server', b'nginx'), (b'Date', b'Mon, 02 Mar 2026 05:56:42 GMT'), (b'Content-Type', b'application/json; charset=utf-8'), (b'Content-Length', b'4501'), (b'Connection', b'keep-alive'), (b'Access-Control-Allow-Origin', b'*'), (b'Cache-Control', b'no-cache'), (b'Strict-Transport-Security', b'max-age=31556926; includeSubDomains; preload')])
2026-03-02 11:26:42,147 [INFO] httpx - HTTP Request: GET https://hacker-news.firebaseio.com/v0/topstories.json "HTTP/1.1 200 OK"
2026-03-02 11:26:42,147 [DEBUG] httpcore.http11 - receive_response_body.started request=<Request [b'GET']>
2026-03-02 11:26:42,147 [DEBUG] httpcore.http11 - receive_response_body.complete
2026-03-02 11:26:42,147 [DEBUG] httpcore.http11 - response_closed.started
2026-03-02 11:26:42,147 [DEBUG] httpcore.http11 - response_closed.complete
2026-03-02 11:26:42,148 [INFO] WebScraper - Fetching https://hacker-news.firebaseio.com/v0/item/47213866.json
2026-03-02 11:26:42,148 [DEBUG] httpcore.http11 - send_request_headers.started request=<Request [b'GET']>
2026-03-02 11:26:42,149 [DEBUG] httpcore.http11 - send_request_headers.complete
2026-03-02 11:26:42,149 [DEBUG] httpcore.http11 - send_request_body.started request=<Request [b'GET']>
2026-03-02 11:26:42,149 [DEBUG] httpcore.http11 - send_request_body.complete
2026-03-02 11:26:42,149 [DEBUG] httpcore.http11 - receive_response_headers.started request=<Request [b'GET']>
2026-03-02 11:26:42,372 [DEBUG] httpcore.http11 - receive_response_headers.complete return_value=(b'HTTP/1.1', 200, b'OK', [(b'Connection', b'keep-alive'), (b'Content-Length', b'17280'), (b'x-ua-compatible', b'IE=edge'), (b'content-type', b'application/json; charset=UTF-8'), (b'expires', b'-1'), (b'cache-control', b'private, s-maxage=0, max-age=0, must-revalidate, no-store'), (b'access-control-allow-origin', b'*'), (b'access-control-expose-headers', b'X-Moose'), (b'content-encoding', b'gzip'), (b'x-ratelimit-used', b'1'), (b'x-ratelimit-remaining', b'99.0'), (b'x-ratelimit-reset', b'198'), (b'Accept-Ranges', b'bytes'), (b'Date', b'Mon, 02 Mar 2026 05:56:42 GMT'), (b'Via', b'1.1 varnish'), (b'Vary', b'accept-encoding'), (b'Strict-Transport-Security', b'max-age=31536000; includeSubdomains'), (b'X-Content-Type-Options', b'nosniff'), (b'X-Frame-Options', b'SAMEORIGIN'), (b'X-XSS-Protection', b'1; mode=block'), (b'Set-Cookie', b'loid=0000000029c62cu5gl.2.1772431001728.Z0FBQUFBQnBwU2FaV09OTWUyZGgyYnBES3pUU3pzdWg2YzJTdUFCckVXOXlFMFYzSk1vdUxpMl9BMHdLcktxZHdMZHc3SkdxTjdNNVAyeUdhYWIxZi03RmwzTzNjbE9wOU9UUTU1V2xmNERoclZJcHpjT2l5VFplRlN4bnhDTTV3RGZ6aWRSMTd2Snk; Domain=reddit.com; Max-Age=63071999; Path=/; expires=Wed, 01-Mar-2028 05:56:41 GMT; secure; SameSite=None; Secure'), (b'Set-Cookie', b'session_tracker=dlrpfdqclqfgdgmanp.0.1772431001739.Z0FBQUFBQnBwU2Faa3ltU1VzaUQ4Uk0tWklhUWtKYmNJTnd1ZnRSTXFqZU12Zmcza1VJbTJZemVNeWticWlTd1FxN01wemg5WGRNQWpvQXc1bVlyU1h5emlvRS0zV1UxZjBPSmJKU2RNYll4V2dMbjJnYjJMa1o0NFdaRUh1NkgxUTdzTmJXUE4wUmM; Domain=reddit.com; Max-Age=7199; Path=/; expires=Mon, 02-Mar-2026 07:56:41 GMT; secure; SameSite=None; Secure'), (b'Set-Cookie', b'csv=2; Max-Age=63072000; Domain=.reddit.com; Path=/; Secure; SameSite=None'), (b'Set-Cookie', b'edgebucket=o0FZKrtVf0lOyIYjuY; Domain=reddit.com; Max-Age=63071999; Path=/;  secure'), (b'Server', b'snooserv'), (b'Report-To', b'{"group": "w3-reporting-nel", "max_age": 14400, "include_subdomains": true,  "endpoints": [{ "url": "https://w3-reporting-nel.reddit.com/reports" }]}, {"group": "w3-reporting", "max_age": 14400, "include_subdomains": true, "endpoints": [{ "url": "https://w3-reporting.reddit.com/reports" }]}, {"group": "w3-reporting-csp", "max_age": 14400, "include_subdomains": true, "endpoints": [{ "url": "https://w3-reporting-csp.reddit.com/reports" }]}'), (b'NEL', b'{"report_to": "w3-reporting-nel", "max_age": 14400, "include_subdomains": false, "success_fraction": 1.0, "failure_fraction": 1.0}')])
2026-03-02 11:26:42,373 [INFO] httpx - HTTP Request: GET https://www.reddit.com/r/python/top.json?limit=10 "HTTP/1.1 200 OK"
2026-03-02 11:26:42,373 [DEBUG] httpcore.http11 - receive_response_body.started request=<Request [b'GET']>
2026-03-02 11:26:42,374 [DEBUG] httpcore.http11 - receive_response_body.complete
2026-03-02 11:26:42,374 [DEBUG] httpcore.http11 - response_closed.started
2026-03-02 11:26:42,375 [DEBUG] httpcore.http11 - response_closed.complete
2026-03-02 11:26:42,375 [INFO] WebScraper - Reddit status code: 200
2026-03-02 11:26:42,418 [DEBUG] httpcore.http11 - receive_response_headers.complete return_value=(b'HTTP/1.1', 200, b'OK', [(b'Server', b'nginx'), (b'Date', b'Mon, 02 Mar 2026 05:56:42 GMT'), (b'Content-Type', b'application/json; charset=utf-8'), (b'Content-Length', b'241'), (b'Connection', b'keep-alive'), (b'Access-Control-Allow-Origin', b'*'), (b'Cache-Control', b'no-cache'), (b'Strict-Transport-Security', b'max-age=31556926; includeSubDomains; preload')])
2026-03-02 11:26:42,419 [INFO] httpx - HTTP Request: GET https://hacker-news.firebaseio.com/v0/item/47213866.json "HTTP/1.1 200 OK"
2026-03-02 11:26:42,419 [DEBUG] httpcore.http11 - receive_response_body.started request=<Request [b'GET']>
2026-03-02 11:26:42,419 [DEBUG] httpcore.http11 - receive_response_body.complete
2026-03-02 11:26:42,419 [DEBUG] httpcore.http11 - response_closed.started
2026-03-02 11:26:42,419 [DEBUG] httpcore.http11 - response_closed.complete
2026-03-02 11:26:42,420 [INFO] WebScraper - Fetching https://hacker-news.firebaseio.com/v0/item/47212355.json
2026-03-02 11:26:42,421 [DEBUG] httpcore.http11 - send_request_headers.started request=<Request [b'GET']>
2026-03-02 11:26:42,421 [DEBUG] httpcore.http11 - send_request_headers.complete
2026-03-02 11:26:42,421 [DEBUG] httpcore.http11 - send_request_body.started request=<Request [b'GET']>
2026-03-02 11:26:42,421 [DEBUG] httpcore.http11 - send_request_body.complete
2026-03-02 11:26:42,421 [DEBUG] httpcore.http11 - receive_response_headers.started request=<Request [b'GET']>
2026-03-02 11:26:42,805 [DEBUG] httpcore.http11 - receive_response_headers.complete return_value=(b'HTTP/1.1', 200, b'OK', [(b'Server', b'nginx'), (b'Date', b'Mon, 02 Mar 2026 05:56:42 GMT'), (b'Content-Type', b'application/json; charset=utf-8'), (b'Content-Length', b'683'), (b'Connection', b'keep-alive'), (b'Access-Control-Allow-Origin', b'*'), (b'Cache-Control', b'no-cache'), (b'Strict-Transport-Security', b'max-age=31556926; includeSubDomains; preload')])
2026-03-02 11:26:42,806 [INFO] httpx - HTTP Request: GET https://hacker-news.firebaseio.com/v0/item/47212355.json "HTTP/1.1 200 OK"
2026-03-02 11:26:42,807 [DEBUG] httpcore.http11 - receive_response_body.started request=<Request [b'GET']>
2026-03-02 11:26:42,808 [DEBUG] httpcore.http11 - receive_response_body.complete
2026-03-02 11:26:42,809 [DEBUG] httpcore.http11 - response_closed.started
2026-03-02 11:26:42,809 [DEBUG] httpcore.http11 - response_closed.complete
2026-03-02 11:26:42,813 [INFO] WebScraper - Fetching https://hacker-news.firebaseio.com/v0/item/47211249.json
2026-03-02 11:26:42,814 [DEBUG] httpcore.http11 - send_request_headers.started request=<Request [b'GET']>
2026-03-02 11:26:42,815 [DEBUG] httpcore.http11 - send_request_headers.complete
2026-03-02 11:26:42,815 [DEBUG] httpcore.http11 - send_request_body.started request=<Request [b'GET']>
2026-03-02 11:26:42,815 [DEBUG] httpcore.http11 - send_request_body.complete
2026-03-02 11:26:42,815 [DEBUG] httpcore.http11 - receive_response_headers.started request=<Request [b'GET']>
2026-03-02 11:26:43,109 [DEBUG] httpcore.http11 - receive_response_headers.complete return_value=(b'HTTP/1.1', 200, b'OK', [(b'Server', b'nginx'), (b'Date', b'Mon, 02 Mar 2026 05:56:42 GMT'), (b'Content-Type', b'application/json; charset=utf-8'), (b'Content-Length', b'385'), (b'Connection', b'keep-alive'), (b'Access-Control-Allow-Origin', b'*'), (b'Cache-Control', b'no-cache'), (b'Strict-Transport-Security', b'max-age=31556926; includeSubDomains; preload')])
2026-03-02 11:26:43,110 [INFO] httpx - HTTP Request: GET https://hacker-news.firebaseio.com/v0/item/47211249.json "HTTP/1.1 200 OK"
2026-03-02 11:26:43,111 [DEBUG] httpcore.http11 - receive_response_body.started request=<Request [b'GET']>
2026-03-02 11:26:43,111 [DEBUG] httpcore.http11 - receive_response_body.complete
2026-03-02 11:26:43,112 [DEBUG] httpcore.http11 - response_closed.started
2026-03-02 11:26:43,112 [DEBUG] httpcore.http11 - response_closed.complete
2026-03-02 11:26:43,114 [INFO] WebScraper - Fetching https://hacker-news.firebaseio.com/v0/item/47213764.json
2026-03-02 11:26:43,116 [DEBUG] httpcore.http11 - send_request_headers.started request=<Request [b'GET']>
2026-03-02 11:26:43,116 [DEBUG] httpcore.http11 - send_request_headers.complete
2026-03-02 11:26:43,116 [DEBUG] httpcore.http11 - send_request_body.started request=<Request [b'GET']>
2026-03-02 11:26:43,116 [DEBUG] httpcore.http11 - send_request_body.complete
2026-03-02 11:26:43,116 [DEBUG] httpcore.http11 - receive_response_headers.started request=<Request [b'GET']>
2026-03-02 11:26:43,417 [DEBUG] httpcore.http11 - receive_response_headers.complete return_value=(b'HTTP/1.1', 200, b'OK', [(b'Server', b'nginx'), (b'Date', b'Mon, 02 Mar 2026 05:56:43 GMT'), (b'Content-Type', b'application/json; charset=utf-8'), (b'Content-Length', b'377'), (b'Connection', b'keep-alive'), (b'Access-Control-Allow-Origin', b'*'), (b'Cache-Control', b'no-cache'), (b'Strict-Transport-Security', b'max-age=31556926; includeSubDomains; preload')])
2026-03-02 11:26:43,418 [INFO] httpx - HTTP Request: GET https://hacker-news.firebaseio.com/v0/item/47213764.json "HTTP/1.1 200 OK"
2026-03-02 11:26:43,418 [DEBUG] httpcore.http11 - receive_response_body.started request=<Request [b'GET']>
2026-03-02 11:26:43,419 [DEBUG] httpcore.http11 - receive_response_body.complete
2026-03-02 11:26:43,420 [DEBUG] httpcore.http11 - response_closed.started
2026-03-02 11:26:43,420 [DEBUG] httpcore.http11 - response_closed.complete
2026-03-02 11:26:43,423 [INFO] WebScraper - Fetching https://hacker-news.firebaseio.com/v0/item/47212576.json
2026-03-02 11:26:43,424 [DEBUG] httpcore.http11 - send_request_headers.started request=<Request [b'GET']>
2026-03-02 11:26:43,425 [DEBUG] httpcore.http11 - send_request_headers.complete
2026-03-02 11:26:43,426 [DEBUG] httpcore.http11 - send_request_body.started request=<Request [b'GET']>
2026-03-02 11:26:43,426 [DEBUG] httpcore.http11 - send_request_body.complete
2026-03-02 11:26:43,426 [DEBUG] httpcore.http11 - receive_response_headers.started request=<Request [b'GET']>
2026-03-02 11:26:43,724 [DEBUG] httpcore.http11 - receive_response_headers.complete return_value=(b'HTTP/1.1', 200, b'OK', [(b'Server', b'nginx'), (b'Date', b'Mon, 02 Mar 2026 05:56:43 GMT'), (b'Content-Type', b'application/json; charset=utf-8'), (b'Content-Length', b'300'), (b'Connection', b'keep-alive'), (b'Access-Control-Allow-Origin', b'*'), (b'Cache-Control', b'no-cache'), (b'Strict-Transport-Security', b'max-age=31556926; includeSubDomains; preload')])
2026-03-02 11:26:43,725 [INFO] httpx - HTTP Request: GET https://hacker-news.firebaseio.com/v0/item/47212576.json "HTTP/1.1 200 OK"
2026-03-02 11:26:43,725 [DEBUG] httpcore.http11 - receive_response_body.started request=<Request [b'GET']>
2026-03-02 11:26:43,726 [DEBUG] httpcore.http11 - receive_response_body.complete
2026-03-02 11:26:43,726 [DEBUG] httpcore.http11 - response_closed.started
2026-03-02 11:26:43,727 [DEBUG] httpcore.http11 - response_closed.complete
2026-03-02 11:26:43,729 [INFO] WebScraper - Fetching https://hacker-news.firebaseio.com/v0/item/47211830.json
2026-03-02 11:26:43,731 [DEBUG] httpcore.http11 - send_request_headers.started request=<Request [b'GET']>
2026-03-02 11:26:43,731 [DEBUG] httpcore.http11 - send_request_headers.complete
2026-03-02 11:26:43,731 [DEBUG] httpcore.http11 - send_request_body.started request=<Request [b'GET']>
2026-03-02 11:26:43,732 [DEBUG] httpcore.http11 - send_request_body.complete
2026-03-02 11:26:43,732 [DEBUG] httpcore.http11 - receive_response_headers.started request=<Request [b'GET']>
2026-03-02 11:26:44,004 [DEBUG] httpcore.http11 - receive_response_headers.complete return_value=(b'HTTP/1.1', 200, b'OK', [(b'Server', b'nginx'), (b'Date', b'Mon, 02 Mar 2026 05:56:43 GMT'), (b'Content-Type', b'application/json; charset=utf-8'), (b'Content-Length', b'303'), (b'Connection', b'keep-alive'), (b'Access-Control-Allow-Origin', b'*'), (b'Cache-Control', b'no-cache'), (b'Strict-Transport-Security', b'max-age=31556926; includeSubDomains; preload')])
2026-03-02 11:26:44,005 [INFO] httpx - HTTP Request: GET https://hacker-news.firebaseio.com/v0/item/47211830.json "HTTP/1.1 200 OK"
2026-03-02 11:26:44,005 [DEBUG] httpcore.http11 - receive_response_body.started request=<Request [b'GET']>
2026-03-02 11:26:44,006 [DEBUG] httpcore.http11 - receive_response_body.complete
2026-03-02 11:26:44,007 [DEBUG] httpcore.http11 - response_closed.started
2026-03-02 11:26:44,007 [DEBUG] httpcore.http11 - response_closed.complete
2026-03-02 11:26:44,010 [INFO] WebScraper - Fetching https://hacker-news.firebaseio.com/v0/item/47176209.json
2026-03-02 11:26:44,011 [DEBUG] httpcore.http11 - send_request_headers.started request=<Request [b'GET']>
2026-03-02 11:26:44,012 [DEBUG] httpcore.http11 - send_request_headers.complete
2026-03-02 11:26:44,012 [DEBUG] httpcore.http11 - send_request_body.started request=<Request [b'GET']>
2026-03-02 11:26:44,013 [DEBUG] httpcore.http11 - send_request_body.complete
2026-03-02 11:26:44,013 [DEBUG] httpcore.http11 - receive_response_headers.started request=<Request [b'GET']>
2026-03-02 11:26:44,338 [DEBUG] httpcore.http11 - receive_response_headers.complete return_value=(b'HTTP/1.1', 200, b'OK', [(b'Server', b'nginx'), (b'Date', b'Mon, 02 Mar 2026 05:56:44 GMT'), (b'Content-Type', b'application/json; charset=utf-8'), (b'Content-Length', b'304'), (b'Connection', b'keep-alive'), (b'Access-Control-Allow-Origin', b'*'), (b'Cache-Control', b'no-cache'), (b'Strict-Transport-Security', b'max-age=31556926; includeSubDomains; preload')])
2026-03-02 11:26:44,339 [INFO] httpx - HTTP Request: GET https://hacker-news.firebaseio.com/v0/item/47176209.json "HTTP/1.1 200 OK"
2026-03-02 11:26:44,339 [DEBUG] httpcore.http11 - receive_response_body.started request=<Request [b'GET']>
2026-03-02 11:26:44,339 [DEBUG] httpcore.http11 - receive_response_body.complete
2026-03-02 11:26:44,340 [DEBUG] httpcore.http11 - response_closed.started
2026-03-02 11:26:44,341 [DEBUG] httpcore.http11 - response_closed.complete
2026-03-02 11:26:44,343 [INFO] WebScraper - Fetching https://hacker-news.firebaseio.com/v0/item/47206082.json
2026-03-02 11:26:44,344 [DEBUG] httpcore.http11 - send_request_headers.started request=<Request [b'GET']>
2026-03-02 11:26:44,345 [DEBUG] httpcore.http11 - send_request_headers.complete
2026-03-02 11:26:44,345 [DEBUG] httpcore.http11 - send_request_body.started request=<Request [b'GET']>
2026-03-02 11:26:44,345 [DEBUG] httpcore.http11 - send_request_body.complete
2026-03-02 11:26:44,346 [DEBUG] httpcore.http11 - receive_response_headers.started request=<Request [b'GET']>
2026-03-02 11:26:44,647 [DEBUG] httpcore.http11 - receive_response_headers.complete return_value=(b'HTTP/1.1', 200, b'OK', [(b'Server', b'nginx'), (b'Date', b'Mon, 02 Mar 2026 05:56:44 GMT'), (b'Content-Type', b'application/json; charset=utf-8'), (b'Content-Length', b'3530'), (b'Connection', b'keep-alive'), (b'Access-Control-Allow-Origin', b'*'), (b'Cache-Control', b'no-cache'), (b'Strict-Transport-Security', b'max-age=31556926; includeSubDomains; preload')])
2026-03-02 11:26:44,648 [INFO] httpx - HTTP Request: GET https://hacker-news.firebaseio.com/v0/item/47206082.json "HTTP/1.1 200 OK"
2026-03-02 11:26:44,649 [DEBUG] httpcore.http11 - receive_response_body.started request=<Request [b'GET']>
2026-03-02 11:26:44,649 [DEBUG] httpcore.http11 - receive_response_body.complete
2026-03-02 11:26:44,650 [DEBUG] httpcore.http11 - response_closed.started
2026-03-02 11:26:44,650 [DEBUG] httpcore.http11 - response_closed.complete
2026-03-02 11:26:44,653 [INFO] WebScraper - Fetching https://hacker-news.firebaseio.com/v0/item/47206009.json
2026-03-02 11:26:44,654 [DEBUG] httpcore.http11 - send_request_headers.started request=<Request [b'GET']>
2026-03-02 11:26:44,655 [DEBUG] httpcore.http11 - send_request_headers.complete
2026-03-02 11:26:44,655 [DEBUG] httpcore.http11 - send_request_body.started request=<Request [b'GET']>
2026-03-02 11:26:44,656 [DEBUG] httpcore.http11 - send_request_body.complete
2026-03-02 11:26:44,656 [DEBUG] httpcore.http11 - receive_response_headers.started request=<Request [b'GET']>
2026-03-02 11:26:44,953 [DEBUG] httpcore.http11 - receive_response_headers.complete return_value=(b'HTTP/1.1', 200, b'OK', [(b'Server', b'nginx'), (b'Date', b'Mon, 02 Mar 2026 05:56:44 GMT'), (b'Content-Type', b'application/json; charset=utf-8'), (b'Content-Length', b'697'), (b'Connection', b'keep-alive'), (b'Access-Control-Allow-Origin', b'*'), (b'Cache-Control', b'no-cache'), (b'Strict-Transport-Security', b'max-age=31556926; includeSubDomains; preload')])
2026-03-02 11:26:44,954 [INFO] httpx - HTTP Request: GET https://hacker-news.firebaseio.com/v0/item/47206009.json "HTTP/1.1 200 OK"
2026-03-02 11:26:44,954 [DEBUG] httpcore.http11 - receive_response_body.started request=<Request [b'GET']>
2026-03-02 11:26:44,955 [DEBUG] httpcore.http11 - receive_response_body.complete
2026-03-02 11:26:44,955 [DEBUG] httpcore.http11 - response_closed.started
2026-03-02 11:26:44,956 [DEBUG] httpcore.http11 - response_closed.complete
2026-03-02 11:26:44,959 [INFO] WebScraper - Fetching https://hacker-news.firebaseio.com/v0/item/47182284.json
2026-03-02 11:26:44,960 [DEBUG] httpcore.http11 - send_request_headers.started request=<Request [b'GET']>
2026-03-02 11:26:44,960 [DEBUG] httpcore.http11 - send_request_headers.complete
2026-03-02 11:26:44,960 [DEBUG] httpcore.http11 - send_request_body.started request=<Request [b'GET']>
2026-03-02 11:26:44,960 [DEBUG] httpcore.http11 - send_request_body.complete
2026-03-02 11:26:44,961 [DEBUG] httpcore.http11 - receive_response_headers.started request=<Request [b'GET']>
2026-03-02 11:26:45,261 [DEBUG] httpcore.http11 - receive_response_headers.complete return_value=(b'HTTP/1.1', 200, b'OK', [(b'Server', b'nginx'), (b'Date', b'Mon, 02 Mar 2026 05:56:45 GMT'), (b'Content-Type', b'application/json; charset=utf-8'), (b'Content-Length', b'384'), (b'Connection', b'keep-alive'), (b'Access-Control-Allow-Origin', b'*'), (b'Cache-Control', b'no-cache'), (b'Strict-Transport-Security', b'max-age=31556926; includeSubDomains; preload')])
2026-03-02 11:26:45,262 [INFO] httpx - HTTP Request: GET https://hacker-news.firebaseio.com/v0/item/47182284.json "HTTP/1.1 200 OK"
2026-03-02 11:26:45,262 [DEBUG] httpcore.http11 - receive_response_body.started request=<Request [b'GET']>
2026-03-02 11:26:45,263 [DEBUG] httpcore.http11 - receive_response_body.complete
2026-03-02 11:26:45,263 [DEBUG] httpcore.http11 - response_closed.started
2026-03-02 11:26:45,264 [DEBUG] httpcore.http11 - response_closed.complete
2026-03-02 11:26:45,273 [DEBUG] httpcore.connection - close.started
2026-03-02 11:26:45,274 [DEBUG] httpcore.connection - close.complete
2026-03-02 11:26:45,274 [DEBUG] httpcore.connection - close.started
2026-03-02 11:26:45,275 [DEBUG] httpcore.connection - close.complete
2026-03-02 11:26:45,275 [DEBUG] httpcore.connection - close.started
2026-03-02 11:26:45,276 [DEBUG] httpcore.connection - close.complete
